<?xml version="1.0" encoding="UTF-8"?>
<!-- Generated by org.testng.reporters.JUnitReportReporter -->
<testsuite hostname="DESKTOP-IHMQNKT" failures="0" tests="1" name="com.Salesgent.Testcases.TC_ProductList" time="24.729" errors="0" timestamp="2023-12-14T11:38:40 IST" skipped="0">
  <testcase classname="com.Salesgent.Testcases.TC_ProductList" name="TC_79" time="24.729"/>
</testsuite> <!-- com.Salesgent.Testcases.TC_ProductList -->
