<?xml version="1.0" encoding="UTF-8"?>
<!-- Generated by org.testng.reporters.JUnitReportReporter -->
<testsuite hostname="DESKTOP-IHMQNKT" failures="0" tests="1" name="com.Salesgent.Testcases.ProductList.TestCase_78" time="18.108" errors="0" timestamp="2023-12-14T14:16:05 IST" skipped="0">
  <testcase classname="com.Salesgent.Testcases.ProductList.TestCase_78" name="TC_78" time="18.108"/>
</testsuite> <!-- com.Salesgent.Testcases.ProductList.TestCase_78 -->
